[debug] [2018-06-08T11:27:28.939Z] ----------------------------------------------------------------------
[debug] [2018-06-08T11:27:28.941Z] Command:       C:\Program Files\nodejs\node.exe C:\Users\user\AppData\Roaming\npm\node_modules\firebase-tools\bin\firebase serve
[debug] [2018-06-08T11:27:28.942Z] CLI Version:   3.18.6
[debug] [2018-06-08T11:27:28.942Z] Platform:      win32
[debug] [2018-06-08T11:27:28.942Z] Node Version:  v9.8.0
[debug] [2018-06-08T11:27:28.943Z] Time:          Fri Jun 08 2018 20:27:28 GMT+0900 (대한민국 표준시)
[debug] [2018-06-08T11:27:28.943Z] ----------------------------------------------------------------------
[debug] 
[debug] [2018-06-08T11:27:28.953Z] > command requires scopes: ["email","openid","https://www.googleapis.com/auth/cloudplatformprojects.readonly","https://www.googleapis.com/auth/firebase","https://www.googleapis.com/auth/cloud-platform"]
[debug] [2018-06-08T11:27:28.954Z] > authorizing via signed-in user
[debug] [2018-06-08T11:27:28.956Z] >>> HTTP REQUEST GET https://admin.firebase.com/v1/projects/devsign-a7066  
  
 Fri Jun 08 2018 20:27:28 GMT+0900 (대한민국 표준시)
[debug] [2018-06-08T11:27:30.172Z] <<< HTTP RESPONSE 200
[debug] [2018-06-08T11:27:30.173Z] >>> HTTP REQUEST GET https://admin.firebase.com/v1/database/devsign-a7066/tokens  
  
 Fri Jun 08 2018 20:27:30 GMT+0900 (대한민국 표준시)
[debug] [2018-06-08T11:27:30.940Z] <<< HTTP RESPONSE 200
[debug] [2018-06-08T11:27:30.940Z] >>> HTTP REQUEST GET https://cloudresourcemanager.googleapis.com/v1/projects/devsign-a7066  
  
 Fri Jun 08 2018 20:27:30 GMT+0900 (대한민국 표준시)
[debug] [2018-06-08T11:27:31.898Z] <<< HTTP RESPONSE 200
[info] 
[info] === Serving from 'C:\Users\user\dev\devsign'...
[info] 
[info] i  functions: Preparing to emulate functions.
[debug] [2018-06-08T11:27:32.767Z] Fetching environment
[debug] [2018-06-08T11:27:32.771Z] >>> HTTP REQUEST GET https://mobilesdk-pa.googleapis.com/v1/projects/1098166753532:getServerAppConfig  
  
 Fri Jun 08 2018 20:27:32 GMT+0900 (대한민국 표준시)
[debug] [2018-06-08T11:27:32.771Z] >>> HTTP REQUEST GET https://mobilesdk-pa.googleapis.com/v1/projects/1098166753532/clients/_:getWebAppConfig  
  
 Fri Jun 08 2018 20:27:32 GMT+0900 (대한민국 표준시)
[debug] [2018-06-08T11:27:33.626Z] <<< HTTP RESPONSE 200
[info] i  hosting: Serving hosting files from: public
[info] +  hosting: Local server: http://localhost:5000

[debug] [2018-06-08T11:27:33.649Z] <<< HTTP RESPONSE 200
[debug] [2018-06-08T11:27:33.649Z] Starting @google-cloud/functions-emulator
[debug] [2018-06-08T11:27:35.688Z] Parsing function triggers
[info] i  functions: No HTTPS functions found. Use firebase functions:shell if you would like to emulate other types of functions.
